Start testing: May 19 11:17 CST
----------------------------------------------------------
1/1 Testing: test_heap
1/1 Test: test_heap
Command: "/home/hush-lee/Documents/Workspace/MyLearning/Alog/build/test/cpp_test"
Directory: /home/hush-lee/Documents/Workspace/MyLearning/Alog/build/test
"test_heap" start time: May 19 11:17 CST
Output:
----------------------------------------------------------
[==========] Running 2 tests from 2 test suites.
[----------] Global test environment set-up.
[----------] 1 test from sort
[ RUN      ] sort.heapsort
[       OK ] sort.heapsort (0 ms)
[----------] 1 test from sort (0 ms total)

[----------] 1 test from BinarySearchTreeTest
[ RUN      ] BinarySearchTreeTest.InsertAndSearch
[       OK ] BinarySearchTreeTest.InsertAndSearch (0 ms)
[----------] 1 test from BinarySearchTreeTest (0 ms total)

[----------] Global test environment tear-down
[==========] 2 tests from 2 test suites ran. (0 ms total)
[  PASSED  ] 2 tests.
<end of output>
Test time =   0.00 sec
----------------------------------------------------------
Test Passed.
"test_heap" end time: May 19 11:17 CST
"test_heap" time elapsed: 00:00:00
----------------------------------------------------------

End testing: May 19 11:17 CST
