<?xml version="1.0" encoding="UTF-8"?>
<Site BuildName="(empty)"
	BuildStamp="20250429-1209-Experimental"
	Name="(empty)"
	Generator="ctest-4.0.1"
	CompilerName=""
	CompilerVersion=""
	OSName="Linux"
	Hostname="HarmonyOS"
	OSRelease="6.14.3-zen1-1-zen"
	OSVersion="#1 ZEN SMP PREEMPT_DYNAMIC Sun, 20 Apr 2025 12:38:36 +0000"
	OSPlatform="x86_64"
	Is64Bits="1"
	VendorString="GenuineIntel"
	VendorID="Intel Corporation"
	FamilyID="6"
	ModelID="165"
	ModelName="Intel(R) Core(TM) i5-10200H CPU @ 2.40GHz"
	ProcessorCacheSize="8192"
	NumberOfLogicalCPU="8"
	NumberOfPhysicalCPU="4"
	TotalVirtualMemory="4095"
	TotalPhysicalMemory="15853"
	LogicalProcessorsPerPhysical="2"
	ProcessorClockFrequency="3200.03"
	>
	<Testing>
		<StartDateTime>May 01 00:01 CST</StartDateTime>
		<StartTestTime>1746028906</StartTestTime>
		<TestList/>
		<EndDateTime>May 01 00:01 CST</EndDateTime>
		<EndTestTime>1746028906</EndTestTime>
		<ElapsedMinutes>0</ElapsedMinutes>
	</Testing>
</Site>
